2025-11-20T12:39:28.411+05:30  INFO 26864 --- [ECommerce_application1] [restartedMain] c.a.ECommerceApplication1Application     : Starting ECommerceApplication1Application using Java 21.0.6 with PID 26864 (C:\Users\akhila.gari\Desktop\Project\Project_Z\EComm_back\ECommerce_application1\target\classes started by akhila.gari in C:\Users\akhila.gari\Desktop\Project\Project_Z\EComm_back\ECommerce_application1)
2025-11-20T12:39:28.414+05:30  INFO 26864 --- [ECommerce_application1] [restartedMain] c.a.ECommerceApplication1Application     : No active profile set, falling back to 1 default profile: "default"
2025-11-20T12:39:28.886+05:30  INFO 26864 --- [ECommerce_application1] [restartedMain] .s.d.r.c.RepositoryConfigurationDelegate : Multiple Spring Data modules found, entering strict repository configuration mode
2025-11-20T12:39:28.889+05:30  INFO 26864 --- [ECommerce_application1] [restartedMain] .s.d.r.c.RepositoryConfigurationDelegate : Bootstrapping Spring Data JPA repositories in DEFAULT mode.
2025-11-20T12:39:28.967+05:30  INFO 26864 --- [ECommerce_application1] [restartedMain] .s.d.r.c.RepositoryConfigurationDelegate : Finished Spring Data repository scanning in 78 ms. Found 16 JPA repository interfaces.
2025-11-20T12:39:28.968+05:30  INFO 26864 --- [ECommerce_application1] [restartedMain] .s.d.r.c.RepositoryConfigurationDelegate : Multiple Spring Data modules found, entering strict repository configuration mode
2025-11-20T12:39:28.968+05:30  INFO 26864 --- [ECommerce_application1] [restartedMain] .s.d.r.c.RepositoryConfigurationDelegate : Bootstrapping Spring Data Elasticsearch repositories in DEFAULT mode.
2025-11-20T12:39:28.976+05:30  INFO 26864 --- [ECommerce_application1] [restartedMain] .s.d.r.c.RepositoryConfigurationDelegate : Finished Spring Data repository scanning in 7 ms. Found 1 Elasticsearch repository interface.
2025-11-20T12:39:29.064+05:30  INFO 26864 --- [ECommerce_application1] [restartedMain] .s.d.r.c.RepositoryConfigurationDelegate : Multiple Spring Data modules found, entering strict repository configuration mode
2025-11-20T12:39:29.064+05:30  INFO 26864 --- [ECommerce_application1] [restartedMain] .s.d.r.c.RepositoryConfigurationDelegate : Bootstrapping Spring Data Reactive Elasticsearch repositories in DEFAULT mode.
2025-11-20T12:39:29.084+05:30  INFO 26864 --- [ECommerce_application1] [restartedMain] .RepositoryConfigurationExtensionSupport : Spring Data Reactive Elasticsearch - Could not safely identify store assignment for repository candidate interface com.acc.repository.AddressRepository; If you want this repository to be a Reactive Elasticsearch repository, consider annotating your entities with one of these annotations: org.springframework.data.elasticsearch.annotations.Document (preferred), or consider extending one of the following types with your repository: org.springframework.data.elasticsearch.repository.ReactiveElasticsearchRepository
2025-11-20T12:39:29.084+05:30  INFO 26864 --- [ECommerce_application1] [restartedMain] .RepositoryConfigurationExtensionSupport : Spring Data Reactive Elasticsearch - Could not safely identify store assignment for repository candidate interface com.acc.repository.AdminRepository; If you want this repository to be a Reactive Elasticsearch repository, consider annotating your entities with one of these annotations: org.springframework.data.elasticsearch.annotations.Document (preferred), or consider extending one of the following types with your repository: org.springframework.data.elasticsearch.repository.ReactiveElasticsearchRepository
2025-11-20T12:39:29.085+05:30  INFO 26864 --- [ECommerce_application1] [restartedMain] .RepositoryConfigurationExtensionSupport : Spring Data Reactive Elasticsearch - Could not safely identify store assignment for repository candidate interface com.acc.repository.CartItemRepository; If you want this repository to be a Reactive Elasticsearch repository, consider annotating your entities with one of these annotations: org.springframework.data.elasticsearch.annotations.Document (preferred), or consider extending one of the following types with your repository: org.springframework.data.elasticsearch.repository.ReactiveElasticsearchRepository
2025-11-20T12:39:29.085+05:30  INFO 26864 --- [ECommerce_application1] [restartedMain] .RepositoryConfigurationExtensionSupport : Spring Data Reactive Elasticsearch - Could not safely identify store assignment for repository candidate interface com.acc.repository.CartRepository; If you want this repository to be a Reactive Elasticsearch repository, consider annotating your entities with one of these annotations: org.springframework.data.elasticsearch.annotations.Document (preferred), or consider extending one of the following types with your repository: org.springframework.data.elasticsearch.repository.ReactiveElasticsearchRepository
2025-11-20T12:39:29.085+05:30  INFO 26864 --- [ECommerce_application1] [restartedMain] .RepositoryConfigurationExtensionSupport : Spring Data Reactive Elasticsearch - Could not safely identify store assignment for repository candidate interface com.acc.repository.CouponRepository; If you want this repository to be a Reactive Elasticsearch repository, consider annotating your entities with one of these annotations: org.springframework.data.elasticsearch.annotations.Document (preferred), or consider extending one of the following types with your repository: org.springframework.data.elasticsearch.repository.ReactiveElasticsearchRepository
2025-11-20T12:39:29.086+05:30  INFO 26864 --- [ECommerce_application1] [restartedMain] .RepositoryConfigurationExtensionSupport : Spring Data Reactive Elasticsearch - Could not safely identify store assignment for repository candidate interface com.acc.repository.CustomerRepository; If you want this repository to be a Reactive Elasticsearch repository, consider annotating your entities with one of these annotations: org.springframework.data.elasticsearch.annotations.Document (preferred), or consider extending one of the following types with your repository: org.springframework.data.elasticsearch.repository.ReactiveElasticsearchRepository
2025-11-20T12:39:29.086+05:30  INFO 26864 --- [ECommerce_application1] [restartedMain] .RepositoryConfigurationExtensionSupport : Spring Data Reactive Elasticsearch - Could not safely identify store assignment for repository candidate interface com.acc.repository.OrderItemRepository; If you want this repository to be a Reactive Elasticsearch repository, consider annotating your entities with one of these annotations: org.springframework.data.elasticsearch.annotations.Document (preferred), or consider extending one of the following types with your repository: org.springframework.data.elasticsearch.repository.ReactiveElasticsearchRepository
2025-11-20T12:39:29.086+05:30  INFO 26864 --- [ECommerce_application1] [restartedMain] .RepositoryConfigurationExtensionSupport : Spring Data Reactive Elasticsearch - Could not safely identify store assignment for repository candidate interface com.acc.repository.OrderRepository; If you want this repository to be a Reactive Elasticsearch repository, consider annotating your entities with one of these annotations: org.springframework.data.elasticsearch.annotations.Document (preferred), or consider extending one of the following types with your repository: org.springframework.data.elasticsearch.repository.ReactiveElasticsearchRepository
2025-11-20T12:39:29.086+05:30  INFO 26864 --- [ECommerce_application1] [restartedMain] .RepositoryConfigurationExtensionSupport : Spring Data Reactive Elasticsearch - Could not safely identify store assignment for repository candidate interface com.acc.repository.OtpRepository; If you want this repository to be a Reactive Elasticsearch repository, consider annotating your entities with one of these annotations: org.springframework.data.elasticsearch.annotations.Document (preferred), or consider extending one of the following types with your repository: org.springframework.data.elasticsearch.repository.ReactiveElasticsearchRepository
2025-11-20T12:39:29.087+05:30  INFO 26864 --- [ECommerce_application1] [restartedMain] .RepositoryConfigurationExtensionSupport : Spring Data Reactive Elasticsearch - Could not safely identify store assignment for repository candidate interface com.acc.repository.PaymentRepository; If you want this repository to be a Reactive Elasticsearch repository, consider annotating your entities with one of these annotations: org.springframework.data.elasticsearch.annotations.Document (preferred), or consider extending one of the following types with your repository: org.springframework.data.elasticsearch.repository.ReactiveElasticsearchRepository
2025-11-20T12:39:29.087+05:30  INFO 26864 --- [ECommerce_application1] [restartedMain] .RepositoryConfigurationExtensionSupport : Spring Data Reactive Elasticsearch - Could not safely identify store assignment for repository candidate interface com.acc.repository.ProductRepository; If you want this repository to be a Reactive Elasticsearch repository, consider annotating your entities with one of these annotations: org.springframework.data.elasticsearch.annotations.Document (preferred), or consider extending one of the following types with your repository: org.springframework.data.elasticsearch.repository.ReactiveElasticsearchRepository
2025-11-20T12:39:29.087+05:30  INFO 26864 --- [ECommerce_application1] [restartedMain] .RepositoryConfigurationExtensionSupport : Spring Data Reactive Elasticsearch - Could not safely identify store assignment for repository candidate interface com.acc.repository.ProfileRepository; If you want this repository to be a Reactive Elasticsearch repository, consider annotating your entities with one of these annotations: org.springframework.data.elasticsearch.annotations.Document (preferred), or consider extending one of the following types with your repository: org.springframework.data.elasticsearch.repository.ReactiveElasticsearchRepository
2025-11-20T12:39:29.087+05:30  INFO 26864 --- [ECommerce_application1] [restartedMain] .RepositoryConfigurationExtensionSupport : Spring Data Reactive Elasticsearch - Could not safely identify store assignment for repository candidate interface com.acc.repository.ReviewRepository; If you want this repository to be a Reactive Elasticsearch repository, consider annotating your entities with one of these annotations: org.springframework.data.elasticsearch.annotations.Document (preferred), or consider extending one of the following types with your repository: org.springframework.data.elasticsearch.repository.ReactiveElasticsearchRepository
2025-11-20T12:39:29.089+05:30  INFO 26864 --- [ECommerce_application1] [restartedMain] .RepositoryConfigurationExtensionSupport : Spring Data Reactive Elasticsearch - Could not safely identify store assignment for repository candidate interface com.acc.repository.RoleRepository; If you want this repository to be a Reactive Elasticsearch repository, consider annotating your entities with one of these annotations: org.springframework.data.elasticsearch.annotations.Document (preferred), or consider extending one of the following types with your repository: org.springframework.data.elasticsearch.repository.ReactiveElasticsearchRepository
2025-11-20T12:39:29.089+05:30  INFO 26864 --- [ECommerce_application1] [restartedMain] .RepositoryConfigurationExtensionSupport : Spring Data Reactive Elasticsearch - Could not safely identify store assignment for repository candidate interface com.acc.repository.SuperAdminRepository; If you want this repository to be a Reactive Elasticsearch repository, consider annotating your entities with one of these annotations: org.springframework.data.elasticsearch.annotations.Document (preferred), or consider extending one of the following types with your repository: org.springframework.data.elasticsearch.repository.ReactiveElasticsearchRepository
2025-11-20T12:39:29.090+05:30  INFO 26864 --- [ECommerce_application1] [restartedMain] .RepositoryConfigurationExtensionSupport : Spring Data Reactive Elasticsearch - Could not safely identify store assignment for repository candidate interface com.acc.repository.UserRepository; If you want this repository to be a Reactive Elasticsearch repository, consider annotating your entities with one of these annotations: org.springframework.data.elasticsearch.annotations.Document (preferred), or consider extending one of the following types with your repository: org.springframework.data.elasticsearch.repository.ReactiveElasticsearchRepository
2025-11-20T12:39:29.090+05:30  INFO 26864 --- [ECommerce_application1] [restartedMain] .s.d.r.c.RepositoryConfigurationDelegate : Finished Spring Data repository scanning in 25 ms. Found 0 Reactive Elasticsearch repository interfaces.
2025-11-20T12:39:29.419+05:30  INFO 26864 --- [ECommerce_application1] [restartedMain] o.s.b.w.e.t.TomcatWebServer              : Tomcat initialized with port 8081 (http)
2025-11-20T12:39:29.423+05:30  INFO 26864 --- [ECommerce_application1] [restartedMain] o.a.c.c.StandardService                  : Starting service [Tomcat]
2025-11-20T12:39:29.424+05:30  INFO 26864 --- [ECommerce_application1] [restartedMain] o.a.c.c.StandardEngine                   : Starting Servlet engine: [Apache Tomcat/10.1.41]
2025-11-20T12:39:29.494+05:30  INFO 26864 --- [ECommerce_application1] [restartedMain] o.a.c.c.C.[.[.[/]                        : Initializing Spring embedded WebApplicationContext
2025-11-20T12:39:29.495+05:30  INFO 26864 --- [ECommerce_application1] [restartedMain] w.s.c.ServletWebServerApplicationContext : Root WebApplicationContext: initialization completed in 1072 ms
2025-11-20T12:39:29.530+05:30  INFO 26864 --- [ECommerce_application1] [restartedMain] c.a.c.JwtUtil                            : JWT Secret Key (loaded from properties, Base64): OUw60UWegX39vP+VszeEm1Lv/k9F4Or42DgBhSfGWxJL9cMWRXpdZAh0TVImAVoAO3M/Lgu5eZs87wbVrFTYpw==
2025-11-20T12:39:29.608+05:30  INFO 26864 --- [ECommerce_application1] [restartedMain] o.h.j.i.u.LogHelper                      : HHH000204: Processing PersistenceUnitInfo [name: default]
2025-11-20T12:39:29.613+05:30  INFO 26864 --- [ECommerce_application1] [restartedMain] o.h.c.i.RegionFactoryInitiator           : HHH000026: Second-level cache disabled
2025-11-20T12:39:29.638+05:30  INFO 26864 --- [ECommerce_application1] [restartedMain] o.s.o.j.p.SpringPersistenceUnitInfo      : No LoadTimeWeaver setup: ignoring JPA class transformer
2025-11-20T12:39:29.640+05:30  INFO 26864 --- [ECommerce_application1] [restartedMain] c.z.h.HikariDataSource                   : HikariPool-6 - Starting...
2025-11-20T12:39:29.683+05:30  INFO 26864 --- [ECommerce_application1] [restartedMain] c.z.h.p.HikariPool                       : HikariPool-6 - Added connection com.mysql.cj.jdbc.ConnectionImpl@303b8461
2025-11-20T12:39:29.684+05:30  INFO 26864 --- [ECommerce_application1] [restartedMain] c.z.h.HikariDataSource                   : HikariPool-6 - Start completed.
2025-11-20T12:39:29.686+05:30  WARN 26864 --- [ECommerce_application1] [restartedMain] o.h.o.deprecation                        : HHH90000025: MySQLDialect does not need to be specified explicitly using 'hibernate.dialect' (remove the property setting and it will be selected by default)
2025-11-20T12:39:29.687+05:30 DEBUG 26864 --- [ECommerce_application1] [restartedMain] o.h.t.d.s.s.DdlTypeRegistry              : addDescriptor(12, org.hibernate.type.descriptor.sql.internal.CapacityDependentDdlType@39fb3868) replaced previous registration(org.hibernate.type.descriptor.sql.internal.CapacityDependentDdlType@7a7ba7e0)
2025-11-20T12:39:29.688+05:30 DEBUG 26864 --- [ECommerce_application1] [restartedMain] o.h.t.d.s.s.DdlTypeRegistry              : addDescriptor(-9, org.hibernate.type.descriptor.sql.internal.CapacityDependentDdlType@63874d75) replaced previous registration(org.hibernate.type.descriptor.sql.internal.CapacityDependentDdlType@748f9513)
2025-11-20T12:39:29.688+05:30 DEBUG 26864 --- [ECommerce_application1] [restartedMain] o.h.t.d.s.s.DdlTypeRegistry              : addDescriptor(-3, org.hibernate.type.descriptor.sql.internal.CapacityDependentDdlType@1457cb92) replaced previous registration(org.hibernate.type.descriptor.sql.internal.CapacityDependentDdlType@33342a5f)
2025-11-20T12:39:29.688+05:30 DEBUG 26864 --- [ECommerce_application1] [restartedMain] o.h.t.d.s.s.DdlTypeRegistry              : addDescriptor(4003, org.hibernate.type.descriptor.sql.internal.DdlTypeImpl@6a8125a9) replaced previous registration(org.hibernate.type.descriptor.sql.internal.DdlTypeImpl@622e02e7)
2025-11-20T12:39:29.688+05:30 DEBUG 26864 --- [ECommerce_application1] [restartedMain] o.h.t.d.s.s.DdlTypeRegistry              : addDescriptor(4001, org.hibernate.type.descriptor.sql.internal.DdlTypeImpl@488f4e6b) replaced previous registration(org.hibernate.type.descriptor.sql.internal.DdlTypeImpl@5a7bf3f7)
2025-11-20T12:39:29.688+05:30 DEBUG 26864 --- [ECommerce_application1] [restartedMain] o.h.t.d.s.s.DdlTypeRegistry              : addDescriptor(4002, org.hibernate.type.descriptor.sql.internal.DdlTypeImpl@39b4297c) replaced previous registration(org.hibernate.type.descriptor.sql.internal.DdlTypeImpl@2b1f3d97)
2025-11-20T12:39:29.690+05:30 DEBUG 26864 --- [ECommerce_application1] [restartedMain] o.h.t.d.s.s.DdlTypeRegistry              : addDescriptor(2004, org.hibernate.type.descriptor.sql.internal.CapacityDependentDdlType@19d1d289) replaced previous registration(org.hibernate.type.descriptor.sql.internal.DdlTypeImpl@1c307e0f)
2025-11-20T12:39:29.690+05:30 DEBUG 26864 --- [ECommerce_application1] [restartedMain] o.h.t.d.s.s.DdlTypeRegistry              : addDescriptor(2005, org.hibernate.type.descriptor.sql.internal.CapacityDependentDdlType@4d74b3c) replaced previous registration(org.hibernate.type.descriptor.sql.internal.DdlTypeImpl@56f63db4)
2025-11-20T12:39:29.690+05:30 DEBUG 26864 --- [ECommerce_application1] [restartedMain] o.h.t.d.s.s.DdlTypeRegistry              : addDescriptor(2011, org.hibernate.type.descriptor.sql.internal.CapacityDependentDdlType@4124f879) replaced previous registration(org.hibernate.type.descriptor.sql.internal.DdlTypeImpl@5e7b3654)
2025-11-20T12:39:29.704+05:30  WARN 26864 --- [ECommerce_application1] [restartedMain] o.h.b.m.i.EntityBinder                   : HHH000457: Joined inheritance hierarchy [com.acc.entity.User] defined explicit @DiscriminatorColumn.  Legacy Hibernate behavior was to ignore the @DiscriminatorColumn.  However, as part of issue HHH-6911 we now apply the explicit @DiscriminatorColumn.  If you would prefer the legacy behavior, enable the `hibernate.discriminator.ignore_explicit_for_joined` setting (hibernate.discriminator.ignore_explicit_for_joined=true)
2025-11-20T12:39:30.097+05:30  INFO 26864 --- [ECommerce_application1] [restartedMain] o.h.e.t.j.p.i.JtaPlatformInitiator       : HHH000489: No JTA platform available (set 'hibernate.transaction.jta.platform' to enable JTA platform integration)
2025-11-20T12:39:30.307+05:30  INFO 26864 --- [ECommerce_application1] [restartedMain] j.LocalContainerEntityManagerFactoryBean : Initialized JPA EntityManagerFactory for persistence unit 'default'
2025-11-20T12:39:30.523+05:30  WARN 26864 --- [ECommerce_application1] [restartedMain] o.s.a.f.CglibAopProxy                    : Unable to proxy interface-implementing method [public final void org.springframework.web.filter.OncePerRequestFilter.doFilter(jakarta.servlet.ServletRequest,jakarta.servlet.ServletResponse,jakarta.servlet.FilterChain) throws jakarta.servlet.ServletException,java.io.IOException] because it is marked as final, consider using interface-based JDK proxies instead.
2025-11-20T12:39:30.524+05:30  WARN 26864 --- [ECommerce_application1] [restartedMain] o.s.a.f.CglibAopProxy                    : Unable to proxy interface-implementing method [public final void org.springframework.web.filter.GenericFilterBean.init(jakarta.servlet.FilterConfig) throws jakarta.servlet.ServletException] because it is marked as final, consider using interface-based JDK proxies instead.
2025-11-20T12:39:30.553+05:30 DEBUG 26864 --- [ECommerce_application1] [restartedMain] o.s.b.w.s.ServletContextInitializerBeans : Mapping filters: springSecurityFilterChain urls=[/*] order=-100, characterEncodingFilter urls=[/*] order=-2147483648, formContentFilter urls=[/*] order=-9900, requestContextFilter urls=[/*] order=-105, jwtFilter urls=[/*] order=2147483647
2025-11-20T12:39:30.554+05:30 DEBUG 26864 --- [ECommerce_application1] [restartedMain] o.s.b.w.s.ServletContextInitializerBeans : Mapping servlets: dispatcherServlet urls=[/]
2025-11-20T12:39:30.632+05:30  INFO 26864 --- [ECommerce_application1] [restartedMain] o.s.b.d.a.OptionalLiveReloadServer       : LiveReload server is running on port 35729
2025-11-20T12:39:30.657+05:30 DEBUG 26864 --- [ECommerce_application1] [restartedMain] o.e.c.RestClient                         : request [HEAD http://localhost:9200/products] returned [HTTP/1.1 200 OK]
2025-11-20T12:39:30.778+05:30  INFO 26864 --- [ECommerce_application1] [restartedMain] eAuthenticationProviderManagerConfigurer : Global AuthenticationManager configured with AuthenticationProvider bean with name authenticationProvider
2025-11-20T12:39:30.779+05:30  WARN 26864 --- [ECommerce_application1] [restartedMain] r$InitializeUserDetailsManagerConfigurer : Global AuthenticationManager configured with an AuthenticationProvider bean. UserDetailsService beans will not be used for username/password login. Consider removing the AuthenticationProvider bean. Alternatively, consider using the UserDetailsService in a manually instantiated DaoAuthenticationProvider.
2025-11-20T12:39:31.145+05:30  WARN 26864 --- [ECommerce_application1] [restartedMain] JpaBaseConfiguration$JpaWebConfiguration : spring.jpa.open-in-view is enabled by default. Therefore, database queries may be performed during view rendering. Explicitly configure spring.jpa.open-in-view to disable this warning
2025-11-20T12:39:31.162+05:30 DEBUG 26864 --- [ECommerce_application1] [restartedMain] o.s.s.a.h.RoleHierarchyImpl              : setHierarchy() - The following role hierarchy was set: ROLE_SUPER_ADMIN > ROLE_ADMIN
ROLE_ADMIN > ROLE_CUSTOMER
ROLE_CUSTOMER > ROLE_USER

2025-11-20T12:39:31.162+05:30 DEBUG 26864 --- [ECommerce_application1] [restartedMain] o.s.s.a.h.RoleHierarchyImpl              : buildRolesReachableInOneStepMap() - From role ROLE_SUPER_ADMIN one can reach role ROLE_ADMIN in one step.
2025-11-20T12:39:31.163+05:30 DEBUG 26864 --- [ECommerce_application1] [restartedMain] o.s.s.a.h.RoleHierarchyImpl              : buildRolesReachableInOneStepMap() - From role ROLE_ADMIN one can reach role ROLE_CUSTOMER in one step.
2025-11-20T12:39:31.163+05:30 DEBUG 26864 --- [ECommerce_application1] [restartedMain] o.s.s.a.h.RoleHierarchyImpl              : buildRolesReachableInOneStepMap() - From role ROLE_CUSTOMER one can reach role ROLE_USER in one step.
2025-11-20T12:39:31.163+05:30 DEBUG 26864 --- [ECommerce_application1] [restartedMain] o.s.s.a.h.RoleHierarchyImpl              : buildRolesReachableInOneOrMoreStepsMap() - From role ROLE_CUSTOMER one can reach [ROLE_USER] in one or more steps.
2025-11-20T12:39:31.163+05:30 DEBUG 26864 --- [ECommerce_application1] [restartedMain] o.s.s.a.h.RoleHierarchyImpl              : buildRolesReachableInOneOrMoreStepsMap() - From role ROLE_ADMIN one can reach [ROLE_CUSTOMER, ROLE_USER] in one or more steps.
2025-11-20T12:39:31.163+05:30 DEBUG 26864 --- [ECommerce_application1] [restartedMain] o.s.s.a.h.RoleHierarchyImpl              : buildRolesReachableInOneOrMoreStepsMap() - From role ROLE_SUPER_ADMIN one can reach [ROLE_CUSTOMER, ROLE_USER, ROLE_ADMIN] in one or more steps.
2025-11-20T12:39:31.295+05:30 DEBUG 26864 --- [ECommerce_application1] [restartedMain] o.s.s.w.DefaultSecurityFilterChain       : Will secure any request with filters: DisableEncodeUrlFilter, WebAsyncManagerIntegrationFilter, SecurityContextHolderFilter, HeaderWriterFilter, CorsFilter, LogoutFilter, JwtFilter$$SpringCGLIB$$0, RequestCacheAwareFilter, SecurityContextHolderAwareRequestFilter, AnonymousAuthenticationFilter, SessionManagementFilter, ExceptionTranslationFilter, AuthorizationFilter
2025-11-20T12:39:31.571+05:30  INFO 26864 --- [ECommerce_application1] [restartedMain] o.s.b.w.e.t.TomcatWebServer              : Tomcat started on port 8081 (http) with context path '/'
2025-11-20T12:39:31.572+05:30  INFO 26864 --- [ECommerce_application1] [restartedMain] o.a.k.c.c.ConsumerConfig                 : ConsumerConfig values: 
	allow.auto.create.topics = true
	auto.commit.interval.ms = 5000
	auto.include.jmx.reporter = true
	auto.offset.reset = earliest
	bootstrap.servers = [localhost:9092]
	check.crcs = true
	client.dns.lookup = use_all_dns_ips
	client.id = consumer-product-processor-group-6
	client.rack = 
	connections.max.idle.ms = 540000
	default.api.timeout.ms = 60000
	enable.auto.commit = false
	enable.metrics.push = true
	exclude.internal.topics = true
	fetch.max.bytes = 52428800
	fetch.max.wait.ms = 500
	fetch.min.bytes = 1
	group.id = product-processor-group
	group.instance.id = null
	group.protocol = classic
	group.remote.assignor = null
	heartbeat.interval.ms = 3000
	interceptor.classes = []
	internal.leave.group.on.close = true
	internal.throw.on.fetch.stable.offset.unsupported = false
	isolation.level = read_uncommitted
	key.deserializer = class org.apache.kafka.common.serialization.StringDeserializer
	max.partition.fetch.bytes = 1048576
	max.poll.interval.ms = 300000
	max.poll.records = 500
	metadata.max.age.ms = 300000
	metric.reporters = []
	metrics.num.samples = 2
	metrics.recording.level = INFO
	metrics.sample.window.ms = 30000
	partition.assignment.strategy = [class org.apache.kafka.clients.consumer.RangeAssignor, class org.apache.kafka.clients.consumer.CooperativeStickyAssignor]
	receive.buffer.bytes = 65536
	reconnect.backoff.max.ms = 1000
	reconnect.backoff.ms = 50
	request.timeout.ms = 30000
	retry.backoff.max.ms = 1000
	retry.backoff.ms = 100
	sasl.client.callback.handler.class = null
	sasl.jaas.config = null
	sasl.kerberos.kinit.cmd = /usr/bin/kinit
	sasl.kerberos.min.time.before.relogin = 60000
	sasl.kerberos.service.name = null
	sasl.kerberos.ticket.renew.jitter = 0.05
	sasl.kerberos.ticket.renew.window.factor = 0.8
	sasl.login.callback.handler.class = null
	sasl.login.class = null
	sasl.login.connect.timeout.ms = null
	sasl.login.read.timeout.ms = null
	sasl.login.refresh.buffer.seconds = 300
	sasl.login.refresh.min.period.seconds = 60
	sasl.login.refresh.window.factor = 0.8
	sasl.login.refresh.window.jitter = 0.05
	sasl.login.retry.backoff.max.ms = 10000
	sasl.login.retry.backoff.ms = 100
	sasl.mechanism = GSSAPI
	sasl.oauthbearer.clock.skew.seconds = 30
	sasl.oauthbearer.expected.audience = null
	sasl.oauthbearer.expected.issuer = null
	sasl.oauthbearer.jwks.endpoint.refresh.ms = 3600000
	sasl.oauthbearer.jwks.endpoint.retry.backoff.max.ms = 10000
	sasl.oauthbearer.jwks.endpoint.retry.backoff.ms = 100
	sasl.oauthbearer.jwks.endpoint.url = null
	sasl.oauthbearer.scope.claim.name = scope
	sasl.oauthbearer.sub.claim.name = sub
	sasl.oauthbearer.token.endpoint.url = null
	security.protocol = PLAINTEXT
	security.providers = null
	send.buffer.bytes = 131072
	session.timeout.ms = 45000
	socket.connection.setup.timeout.max.ms = 30000
	socket.connection.setup.timeout.ms = 10000
	ssl.cipher.suites = null
	ssl.enabled.protocols = [TLSv1.2, TLSv1.3]
	ssl.endpoint.identification.algorithm = https
	ssl.engine.factory.class = null
	ssl.key.password = null
	ssl.keymanager.algorithm = SunX509
	ssl.keystore.certificate.chain = null
	ssl.keystore.key = null
	ssl.keystore.location = null
	ssl.keystore.password = null
	ssl.keystore.type = JKS
	ssl.protocol = TLSv1.3
	ssl.provider = null
	ssl.secure.random.implementation = null
	ssl.trustmanager.algorithm = PKIX
	ssl.truststore.certificates = null
	ssl.truststore.location = null
	ssl.truststore.password = null
	ssl.truststore.type = JKS
	value.deserializer = class org.apache.kafka.common.serialization.StringDeserializer

2025-11-20T12:39:31.573+05:30  INFO 26864 --- [ECommerce_application1] [restartedMain] o.a.k.c.t.i.KafkaMetricsCollector        : initializing Kafka metrics collector
2025-11-20T12:39:31.588+05:30  INFO 26864 --- [ECommerce_application1] [restartedMain] o.a.k.c.u.AppInfoParser                  : Kafka version: 3.7.2
2025-11-20T12:39:31.588+05:30  INFO 26864 --- [ECommerce_application1] [restartedMain] o.a.k.c.u.AppInfoParser                  : Kafka commitId: 79a8f2b5f44f9d5a
2025-11-20T12:39:31.588+05:30  INFO 26864 --- [ECommerce_application1] [restartedMain] o.a.k.c.u.AppInfoParser                  : Kafka startTimeMs: 1763622571588
2025-11-20T12:39:31.589+05:30  INFO 26864 --- [ECommerce_application1] [restartedMain] o.a.k.c.c.i.LegacyKafkaConsumer          : [Consumer clientId=consumer-product-processor-group-6, groupId=product-processor-group] Subscribed to topic(s): bulk-upload.products
2025-11-20T12:39:31.599+05:30  INFO 26864 --- [ECommerce_application1] [org.springframework.kafka.KafkaListenerEndpointContainer#0-0-C-1] o.a.k.c.Metadata                         : [Consumer clientId=consumer-product-processor-group-6, groupId=product-processor-group] Cluster ID: aUVWktp5T2mZm0vHDfzITg
2025-11-20T12:39:31.599+05:30  INFO 26864 --- [ECommerce_application1] [restartedMain] c.a.ECommerceApplication1Application     : Started ECommerceApplication1Application in 3.382 seconds (process running for 8536.244)
2025-11-20T12:39:31.599+05:30  INFO 26864 --- [ECommerce_application1] [org.springframework.kafka.KafkaListenerEndpointContainer#0-0-C-1] o.a.k.c.c.i.ConsumerCoordinator          : [Consumer clientId=consumer-product-processor-group-6, groupId=product-processor-group] Discovered group coordinator NLPULTP3403748.FPS.NIHILENT.com:9092 (id: 2147483647 rack: null)
2025-11-20T12:39:31.602+05:30  INFO 26864 --- [ECommerce_application1] [org.springframework.kafka.KafkaListenerEndpointContainer#0-0-C-1] o.a.k.c.c.i.ConsumerCoordinator          : [Consumer clientId=consumer-product-processor-group-6, groupId=product-processor-group] (Re-)joining group
2025-11-20T12:39:31.607+05:30 DEBUG 26864 --- [ECommerce_application1] [restartedMain] o.h.SQL                                  : 
    /* <criteria> */ select
        r1_0.id,
        r1_0.name 
    from
        app_role r1_0 
    where
        r1_0.name=?
2025-11-20T12:39:31.608+05:30 TRACE 26864 --- [ECommerce_application1] [restartedMain] o.h.o.j.bind                             : binding parameter (1:VARCHAR) <- [ROLE_SUPER_ADMIN]
2025-11-20T12:39:31.609+05:30  INFO 26864 --- [ECommerce_application1] [org.springframework.kafka.KafkaListenerEndpointContainer#0-0-C-1] o.a.k.c.c.i.ConsumerCoordinator          : [Consumer clientId=consumer-product-processor-group-6, groupId=product-processor-group] Request joining group due to: need to re-join with the given member-id: consumer-product-processor-group-6-ade5df7c-95f5-42d4-aa57-03f1365aa34c
2025-11-20T12:39:31.609+05:30  INFO 26864 --- [ECommerce_application1] [org.springframework.kafka.KafkaListenerEndpointContainer#0-0-C-1] o.a.k.c.c.i.ConsumerCoordinator          : [Consumer clientId=consumer-product-processor-group-6, groupId=product-processor-group] (Re-)joining group
2025-11-20T12:39:31.613+05:30 DEBUG 26864 --- [ECommerce_application1] [restartedMain] o.h.SQL                                  : 
    /* <criteria> */ select
        r1_0.id,
        r1_0.name 
    from
        app_role r1_0 
    where
        r1_0.name=?
2025-11-20T12:39:31.613+05:30  INFO 26864 --- [ECommerce_application1] [org.springframework.kafka.KafkaListenerEndpointContainer#0-0-C-1] o.a.k.c.c.i.ConsumerCoordinator          : [Consumer clientId=consumer-product-processor-group-6, groupId=product-processor-group] Successfully joined group with generation Generation{generationId=13, memberId='consumer-product-processor-group-6-ade5df7c-95f5-42d4-aa57-03f1365aa34c', protocol='range'}
2025-11-20T12:39:31.614+05:30 TRACE 26864 --- [ECommerce_application1] [restartedMain] o.h.o.j.bind                             : binding parameter (1:VARCHAR) <- [ROLE_ADMIN]
2025-11-20T12:39:31.614+05:30  INFO 26864 --- [ECommerce_application1] [org.springframework.kafka.KafkaListenerEndpointContainer#0-0-C-1] o.a.k.c.c.i.ConsumerCoordinator          : [Consumer clientId=consumer-product-processor-group-6, groupId=product-processor-group] Finished assignment for group at generation 13: {consumer-product-processor-group-6-ade5df7c-95f5-42d4-aa57-03f1365aa34c=Assignment(partitions=[bulk-upload.products-0])}
2025-11-20T12:39:31.617+05:30 DEBUG 26864 --- [ECommerce_application1] [restartedMain] o.h.SQL                                  : 
    /* <criteria> */ select
        r1_0.id,
        r1_0.name 
    from
        app_role r1_0 
    where
        r1_0.name=?
2025-11-20T12:39:31.617+05:30 TRACE 26864 --- [ECommerce_application1] [restartedMain] o.h.o.j.bind                             : binding parameter (1:VARCHAR) <- [ROLE_USER]
2025-11-20T12:39:31.618+05:30  INFO 26864 --- [ECommerce_application1] [org.springframework.kafka.KafkaListenerEndpointContainer#0-0-C-1] o.a.k.c.c.i.ConsumerCoordinator          : [Consumer clientId=consumer-product-processor-group-6, groupId=product-processor-group] Successfully synced group in generation Generation{generationId=13, memberId='consumer-product-processor-group-6-ade5df7c-95f5-42d4-aa57-03f1365aa34c', protocol='range'}
2025-11-20T12:39:31.619+05:30  INFO 26864 --- [ECommerce_application1] [org.springframework.kafka.KafkaListenerEndpointContainer#0-0-C-1] o.a.k.c.c.i.ConsumerCoordinator          : [Consumer clientId=consumer-product-processor-group-6, groupId=product-processor-group] Notifying assignor about the new Assignment(partitions=[bulk-upload.products-0])
2025-11-20T12:39:31.619+05:30  INFO 26864 --- [ECommerce_application1] [org.springframework.kafka.KafkaListenerEndpointContainer#0-0-C-1] k.c.c.i.ConsumerRebalanceListenerInvoker : [Consumer clientId=consumer-product-processor-group-6, groupId=product-processor-group] Adding newly assigned partitions: bulk-upload.products-0
2025-11-20T12:39:31.620+05:30 DEBUG 26864 --- [ECommerce_application1] [restartedMain] o.h.SQL                                  : 
    /* <criteria> */ select
        r1_0.id,
        r1_0.name 
    from
        app_role r1_0 
    where
        r1_0.name=?
2025-11-20T12:39:31.620+05:30 TRACE 26864 --- [ECommerce_application1] [restartedMain] o.h.o.j.bind                             : binding parameter (1:VARCHAR) <- [ROLE_CUSTOMER]
2025-11-20T12:39:31.621+05:30  INFO 26864 --- [ECommerce_application1] [org.springframework.kafka.KafkaListenerEndpointContainer#0-0-C-1] o.a.k.c.c.i.ConsumerCoordinator          : [Consumer clientId=consumer-product-processor-group-6, groupId=product-processor-group] Found no committed offset for partition bulk-upload.products-0
2025-11-20T12:39:31.625+05:30 DEBUG 26864 --- [ECommerce_application1] [restartedMain] o.h.SQL                                  : 
    /* SELECT
        u 
    FROM
        User u 
    LEFT JOIN
        
    FETCH
        u.roles 
    WHERE
        u.username = :username */ select
            u1_0.id,
            u1_0.user_type,
            u1_0.email,
            u1_0.password,
            r1_0.user_id,
            r1_1.id,
            r1_1.name,
            u1_0.username,
            u1_2.customer_code,
            u1_2.id 
        from
            users u1_0 
        left join
            admins u1_1 
                on u1_0.id=u1_1.id 
        left join
            customer u1_2 
                on u1_0.id=u1_2.id 
        left join
            super_admins u1_3 
                on u1_0.id=u1_3.id 
        left join
            user_roles r1_0 
                on u1_0.id=r1_0.user_id 
        left join
            app_role r1_1 
                on r1_1.id=r1_0.role_id 
        where
            u1_0.username=?
2025-11-20T12:39:31.626+05:30 TRACE 26864 --- [ECommerce_application1] [restartedMain] o.h.o.j.bind                             : binding parameter (1:VARCHAR) <- [superadmin]
2025-11-20T12:39:31.628+05:30  INFO 26864 --- [ECommerce_application1] [org.springframework.kafka.KafkaListenerEndpointContainer#0-0-C-1] o.a.k.c.c.i.SubscriptionState            : [Consumer clientId=consumer-product-processor-group-6, groupId=product-processor-group] Resetting offset for partition bulk-upload.products-0 to position FetchPosition{offset=0, offsetEpoch=Optional.empty, currentLeader=LeaderAndEpoch{leader=Optional[NLPULTP3403748.FPS.NIHILENT.com:9092 (id: 0 rack: null)], epoch=0}}.
2025-11-20T12:39:31.630+05:30  INFO 26864 --- [ECommerce_application1] [org.springframework.kafka.KafkaListenerEndpointContainer#0-0-C-1] o.s.k.l.KafkaMessageListenerContainer    : product-processor-group: partitions assigned: [bulk-upload.products-0]
2025-11-20T12:39:31.632+05:30  INFO 26864 --- [ECommerce_application1] [restartedMain] c.a.ECommerceApplication1Application     : Starting synchronization of product data to Elasticsearch...
2025-11-20T12:39:31.636+05:30 DEBUG 26864 --- [ECommerce_application1] [restartedMain] o.h.SQL                                  : 
    /* <criteria> */ select
        p1_0.id,
        p1_0.active,
        p1_0.category,
        p1_0.description,
        p1_0.discount_percentage,
        p1_0.image_urls,
        p1_0.name,
        p1_0.price,
        p1_0.stock_quantity 
    from
        products p1_0
2025-11-20T12:39:31.751+05:30 DEBUG 26864 --- [ECommerce_application1] [restartedMain] o.e.c.RestClient                         : request [POST http://localhost:9200/_bulk?refresh=false] returned [HTTP/1.1 200 OK]
2025-11-20T12:39:31.891+05:30 DEBUG 26864 --- [ECommerce_application1] [restartedMain] o.e.c.RestClient                         : request [POST http://localhost:9200/products/_refresh] returned [HTTP/1.1 200 OK]
2025-11-20T12:39:31.894+05:30  INFO 26864 --- [ECommerce_application1] [restartedMain] c.a.e.s.ProductDocumentService           : Successfully synchronized 62 products to Elasticsearch.
2025-11-20T12:39:31.895+05:30  INFO 26864 --- [ECommerce_application1] [restartedMain] c.a.ECommerceApplication1Application     : Synchronization complete.
2025-11-20T12:39:31.897+05:30  INFO 26864 --- [ECommerce_application1] [restartedMain] .ConditionEvaluationDeltaLoggingListener : Condition evaluation unchanged
2025-11-20T12:40:40.441+05:30  INFO 26864 --- [ECommerce_application1] [File Watcher] rtingClassPathChangeChangedEventListener : Restarting due to 1 class path change (0 additions, 0 deletions, 1 modification)
2025-11-20T12:40:40.443+05:30  INFO 26864 --- [ECommerce_application1] [org.springframework.kafka.KafkaListenerEndpointContainer#0-0-C-1] k.c.c.i.ConsumerRebalanceListenerInvoker : [Consumer clientId=consumer-product-processor-group-6, groupId=product-processor-group] Revoke previously assigned partitions bulk-upload.products-0
2025-11-20T12:40:40.443+05:30  INFO 26864 --- [ECommerce_application1] [org.springframework.kafka.KafkaListenerEndpointContainer#0-0-C-1] o.s.k.l.KafkaMessageListenerContainer    : product-processor-group: partitions revoked: [bulk-upload.products-0]
2025-11-20T12:40:40.443+05:30  INFO 26864 --- [ECommerce_application1] [org.springframework.kafka.KafkaListenerEndpointContainer#0-0-C-1] o.a.k.c.c.i.ConsumerCoordinator          : [Consumer clientId=consumer-product-processor-group-6, groupId=product-processor-group] Member consumer-product-processor-group-6-ade5df7c-95f5-42d4-aa57-03f1365aa34c sending LeaveGroup request to coordinator NLPULTP3403748.FPS.NIHILENT.com:9092 (id: 2147483647 rack: null) due to the consumer unsubscribed from all topics
2025-11-20T12:40:40.444+05:30  INFO 26864 --- [ECommerce_application1] [org.springframework.kafka.KafkaListenerEndpointContainer#0-0-C-1] o.a.k.c.c.i.ConsumerCoordinator          : [Consumer clientId=consumer-product-processor-group-6, groupId=product-processor-group] Resetting generation and member id due to: consumer pro-actively leaving the group
2025-11-20T12:40:40.444+05:30  INFO 26864 --- [ECommerce_application1] [org.springframework.kafka.KafkaListenerEndpointContainer#0-0-C-1] o.a.k.c.c.i.ConsumerCoordinator          : [Consumer clientId=consumer-product-processor-group-6, groupId=product-processor-group] Request joining group due to: consumer pro-actively leaving the group
2025-11-20T12:40:40.444+05:30  INFO 26864 --- [ECommerce_application1] [org.springframework.kafka.KafkaListenerEndpointContainer#0-0-C-1] o.a.k.c.c.i.LegacyKafkaConsumer          : [Consumer clientId=consumer-product-processor-group-6, groupId=product-processor-group] Unsubscribed all topics or patterns and assigned partitions
2025-11-20T12:40:40.444+05:30  INFO 26864 --- [ECommerce_application1] [org.springframework.kafka.KafkaListenerEndpointContainer#0-0-C-1] o.a.k.c.c.i.ConsumerCoordinator          : [Consumer clientId=consumer-product-processor-group-6, groupId=product-processor-group] Resetting generation and member id due to: consumer pro-actively leaving the group
2025-11-20T12:40:40.444+05:30  INFO 26864 --- [ECommerce_application1] [org.springframework.kafka.KafkaListenerEndpointContainer#0-0-C-1] o.a.k.c.c.i.ConsumerCoordinator          : [Consumer clientId=consumer-product-processor-group-6, groupId=product-processor-group] Request joining group due to: consumer pro-actively leaving the group
2025-11-20T12:40:40.880+05:30  INFO 26864 --- [ECommerce_application1] [org.springframework.kafka.KafkaListenerEndpointContainer#0-0-C-1] o.a.k.c.m.Metrics                        : Metrics scheduler closed
2025-11-20T12:40:40.881+05:30  INFO 26864 --- [ECommerce_application1] [org.springframework.kafka.KafkaListenerEndpointContainer#0-0-C-1] o.a.k.c.m.Metrics                        : Closing reporter org.apache.kafka.common.metrics.JmxReporter
2025-11-20T12:40:40.881+05:30  INFO 26864 --- [ECommerce_application1] [org.springframework.kafka.KafkaListenerEndpointContainer#0-0-C-1] o.a.k.c.m.Metrics                        : Closing reporter org.apache.kafka.common.telemetry.internals.ClientTelemetryReporter
2025-11-20T12:40:40.882+05:30  INFO 26864 --- [ECommerce_application1] [org.springframework.kafka.KafkaListenerEndpointContainer#0-0-C-1] o.a.k.c.m.Metrics                        : Metrics reporters closed
2025-11-20T12:40:40.887+05:30  INFO 26864 --- [ECommerce_application1] [org.springframework.kafka.KafkaListenerEndpointContainer#0-0-C-1] o.a.k.c.u.AppInfoParser                  : App info kafka.consumer for consumer-product-processor-group-6 unregistered
2025-11-20T12:40:40.887+05:30  INFO 26864 --- [ECommerce_application1] [org.springframework.kafka.KafkaListenerEndpointContainer#0-0-C-1] o.s.k.l.KafkaMessageListenerContainer    : product-processor-group: Consumer stopped
2025-11-20T12:40:40.915+05:30  INFO 26864 --- [ECommerce_application1] [Thread-29] j.LocalContainerEntityManagerFactoryBean : Closing JPA EntityManagerFactory for persistence unit 'default'
2025-11-20T12:40:40.916+05:30  INFO 26864 --- [ECommerce_application1] [Thread-29] c.z.h.HikariDataSource                   : HikariPool-6 - Shutdown initiated...
2025-11-20T12:40:40.919+05:30  INFO 26864 --- [ECommerce_application1] [Thread-29] c.z.h.HikariDataSource                   : HikariPool-6 - Shutdown completed.
